Building DAG of jobs...
Using shell: /usr/bin/bash
Provided cores: 72
Rules claiming more threads will be scaled down.
Job stats:
job          count
---------  -------
all              1
cgwas_pre        1
total            2

Select jobs to execute...

[Sat Oct 12 13:02:08 2024]
rule cgwas_pre:
    input: /home/wcy/data/UKB/eye_feature/gwas/main_group/right_optic_dim64_pheno_result
    output: /home/wcy/data/UKB/eye_feature/cgwas/main_group/right_optic_dim64_pheno_result
    jobid: 1
    reason: Forced execution
    resources: tmpdir=/tmp

Activating conda environment: retfound
[Sat Oct 12 13:16:57 2024]
Finished job 1.
1 of 2 steps (50%) done
Select jobs to execute...

[Sat Oct 12 13:16:57 2024]
localrule all:
    input: /home/wcy/data/UKB/eye_feature/cgwas/main_group/right_optic_dim64_pheno_result
    jobid: 0
    reason: Input files updated by another job: /home/wcy/data/UKB/eye_feature/cgwas/main_group/right_optic_dim64_pheno_result
    resources: tmpdir=/tmp

[Sat Oct 12 13:16:57 2024]
Finished job 0.
2 of 2 steps (100%) done
Complete log: .snakemake/log/2024-10-12T130204.922010.snakemake.log
