The flag 'directory' used in rule cgwas_pre is only valid for outputs, not inputs.
Building DAG of jobs...
Using shell: /usr/bin/bash
Provided cores: 72
Rules claiming more threads will be scaled down.
Job stats:
job                count
---------------  -------
all                    1
cgwas_pre              1
fastGWA_pre            1
feature_extract        1
run_gcta               1
total                  5

Select jobs to execute...

[Sun Oct 13 19:37:36 2024]
rule feature_extract:
    input: /home/wcy/data/UKB/eye_feature/model/optic_dim64_best.pth, /home/wcy/data/UKB/ukb_eye/Results_right/M2/optic_disc_cup/raw
    output: /home/wcy/data/UKB/eye_feature/feature_data/right_optic_dim64.csv
    jobid: 4
    reason: Forced execution
    resources: tmpdir=/tmp

Activating conda environment: retfound
[Sun Oct 13 20:07:05 2024]
Finished job 4.
1 of 5 steps (20%) done
Select jobs to execute...

[Sun Oct 13 20:07:05 2024]
rule fastGWA_pre:
    input: /home/wcy/data/UKB/eye_feature/feature_data/right_optic_dim64.csv
    output: /home/wcy/data/UKB/eye_feature/gwas/main_group/right_optic_dim64_pheno
    jobid: 3
    reason: Input files updated by another job: /home/wcy/data/UKB/eye_feature/feature_data/right_optic_dim64.csv
    resources: tmpdir=/tmp

Activating conda environment: retfound
[Sun Oct 13 20:10:45 2024]
Finished job 3.
2 of 5 steps (40%) done
Select jobs to execute...

[Sun Oct 13 20:10:45 2024]
rule run_gcta:
    input: /home/wcy/data/UKB/eye_feature/gwas/main_group/right_optic_dim64_pheno
    output: /home/wcy/data/UKB/eye_feature/gwas/main_group/right_optic_dim64_pheno_result
    jobid: 2
    reason: Input files updated by another job: /home/wcy/data/UKB/eye_feature/gwas/main_group/right_optic_dim64_pheno
    resources: tmpdir=/tmp

Activating conda environment: retfound
[Sun Oct 13 21:05:14 2024]
Finished job 2.
3 of 5 steps (60%) done
Select jobs to execute...

[Sun Oct 13 21:05:14 2024]
rule cgwas_pre:
    input: /home/wcy/data/UKB/eye_feature/gwas/main_group/right_optic_dim64_pheno_result
    output: /home/wcy/data/UKB/eye_feature/cgwas/main_group/right_optic_dim64_pheno_result
    jobid: 1
    reason: Input files updated by another job: /home/wcy/data/UKB/eye_feature/gwas/main_group/right_optic_dim64_pheno_result
    resources: tmpdir=/tmp

Activating conda environment: retfound
[Sun Oct 13 21:22:08 2024]
Finished job 1.
4 of 5 steps (80%) done
Select jobs to execute...

[Sun Oct 13 21:22:08 2024]
localrule all:
    input: /home/wcy/data/UKB/eye_feature/cgwas/main_group/right_optic_dim64_pheno_result
    jobid: 0
    reason: Input files updated by another job: /home/wcy/data/UKB/eye_feature/cgwas/main_group/right_optic_dim64_pheno_result
    resources: tmpdir=/tmp

[Sun Oct 13 21:22:08 2024]
Finished job 0.
5 of 5 steps (100%) done
Complete log: .snakemake/log/2024-10-13T193734.172905.snakemake.log
