Building DAG of jobs...
Using shell: /usr/bin/bash
Provided cores: 72
Rules claiming more threads will be scaled down.
Job stats:
job            count
-----------  -------
all                1
cgwas_pre          1
fastGWA_pre        1
run_gcta           1
total              4

Select jobs to execute...

[Sat Oct 12 20:43:26 2024]
rule fastGWA_pre:
    input: /home/wcy/data/UKB/eye_feature/feature_data/left_flitter_dim64.csv
    output: /home/wcy/data/UKB/eye_feature/gwas/main_group/left_flitter_dim64_pheno
    jobid: 3
    reason: Missing output files: /home/wcy/data/UKB/eye_feature/gwas/main_group/left_flitter_dim64_pheno
    resources: tmpdir=/tmp

Activating conda environment: retfound
Waiting at most 5 seconds for missing files.
MissingOutputException in rule fastGWA_pre in file /home/wcy/data/UKB/eye_feature/code/Snakefile, line 35:
Job 3  completed successfully, but some output files are missing. Missing files after 5 seconds. This might be due to filesystem latency. If that is the case, consider to increase the wait time with --latency-wait:
/home/wcy/data/UKB/eye_feature/gwas/main_group/left_flitter_dim64_pheno
Shutting down, this might take some time.
Exiting because a job execution failed. Look above for error message
Complete log: .snakemake/log/2024-10-12T204321.403628.snakemake.log
