Building DAG of jobs...
Using shell: /usr/bin/bash
Provided cores: 72
Rules claiming more threads will be scaled down.
Job stats:
job                count
---------------  -------
all                    1
cgwas_pre              1
fastGWA_pre            1
feature_extract        1
run_gcta               1
total                  5

Select jobs to execute...

[Fri Oct 11 23:03:27 2024]
rule feature_extract:
    input: /home/wcy/data/UKB/eye_feature/model/optic_dim64_best.pth, /home/wcy/data/UKB/ukb_eye/Results_right/M2/optic_disc_cup/raw
    output: /home/wcy/data/UKB/eye_feature/feature_data/right_optic_dim64.csv
    jobid: 4
    reason: Missing output files: /home/wcy/data/UKB/eye_feature/feature_data/right_optic_dim64.csv; Code has changed since last execution; Params have changed since last execution
    resources: tmpdir=/tmp

Activating conda environment: retfound
[Fri Oct 11 23:32:22 2024]
Finished job 4.
1 of 5 steps (20%) done
Select jobs to execute...

[Fri Oct 11 23:32:22 2024]
rule fastGWA_pre:
    input: /home/wcy/data/UKB/eye_feature/feature_data/right_optic_dim64.csv
    output: /home/wcy/data/UKB/eye_feature/gwas/main_group/right_optic_dim64_pheno
    jobid: 3
    reason: Missing output files: /home/wcy/data/UKB/eye_feature/gwas/main_group/right_optic_dim64_pheno; Input files updated by another job: /home/wcy/data/UKB/eye_feature/feature_data/right_optic_dim64.csv
    resources: tmpdir=/tmp

Activating conda environment: retfound
[Fri Oct 11 23:35:14 2024]
Error in rule fastGWA_pre:
    jobid: 3
    input: /home/wcy/data/UKB/eye_feature/feature_data/right_optic_dim64.csv
    output: /home/wcy/data/UKB/eye_feature/gwas/main_group/right_optic_dim64_pheno
    conda-env: retfound
    shell:
        python fastGWA_pre.py --eye_file /home/wcy/data/UKB/eye_feature/feature_data/right_optic_dim64.csv --feature_name right_optic_dim64_pheno --latent_dim 64
        (one of the commands exited with non-zero exit code; note that snakemake uses bash strict mode!)

Removing output files of failed job fastGWA_pre since they might be corrupted:
/home/wcy/data/UKB/eye_feature/gwas/main_group/right_optic_dim64_pheno
Shutting down, this might take some time.
Exiting because a job execution failed. Look above for error message
Complete log: .snakemake/log/2024-10-11T230324.330914.snakemake.log
