The flag 'directory' used in rule cgwas_pre is only valid for outputs, not inputs.
Building DAG of jobs...
Using shell: /usr/bin/bash
Provided cores: 72
Rules claiming more threads will be scaled down.
Job stats:
job          count
---------  -------
all              1
cgwas_pre        1
total            2

Select jobs to execute...

[Sun Oct 13 16:39:37 2024]
rule cgwas_pre:
    input: /home/wcy/data/UKB/eye_feature/gwas/main_group/right_flitter_dim64_pheno_result
    output: /home/wcy/data/UKB/eye_feature/cgwas/main_group/right_flitter_dim64_pheno_result
    jobid: 1
    reason: Missing output files: /home/wcy/data/UKB/eye_feature/cgwas/main_group/right_flitter_dim64_pheno_result
    resources: tmpdir=/tmp

Activating conda environment: retfound
Terminating processes on user request, this might take some time.
[Sun Oct 13 16:39:50 2024]
Error in rule cgwas_pre:
    jobid: 1
    input: /home/wcy/data/UKB/eye_feature/gwas/main_group/right_flitter_dim64_pheno_result
    output: /home/wcy/data/UKB/eye_feature/cgwas/main_group/right_flitter_dim64_pheno_result
    conda-env: retfound
    shell:
        python cgwas_pre.py --input_folder /home/wcy/data/UKB/eye_feature/gwas/main_group/right_flitter_dim64_pheno_result --output_folder /home/wcy/data/UKB/eye_feature/cgwas/main_group/right_flitter_dim64_pheno_result
        (one of the commands exited with non-zero exit code; note that snakemake uses bash strict mode!)

Complete log: .snakemake/log/2024-10-13T163933.981909.snakemake.log
