The flag 'directory' used in rule cgwas_pre is only valid for outputs, not inputs.
Building DAG of jobs...
Using shell: /usr/bin/bash
Provided cores: 72
Rules claiming more threads will be scaled down.
Job stats:
job      count
-----  -------
all          1
total        1

Select jobs to execute...

[Sun Oct 13 16:39:00 2024]
localrule all:
    input: /home/wcy/data/UKB/eye_feature/cgwas/main_group/right_flitter_dim64_pheno_result
    jobid: 0
    reason: Forced execution
    resources: tmpdir=/tmp

[Sun Oct 13 16:39:03 2024]
Finished job 0.
1 of 1 steps (100%) done
Complete log: .snakemake/log/2024-10-13T163854.484899.snakemake.log
