Building DAG of jobs...
Using shell: /usr/bin/bash
Provided cores: 72
Rules claiming more threads will be scaled down.
Job stats:
job          count
---------  -------
all              1
cgwas_pre        1
run_gcta         1
total            3

Select jobs to execute...

[Sat Oct 12 00:02:27 2024]
rule run_gcta:
    input: /home/wcy/data/UKB/eye_feature/gwas/main_group/right_optic_dim64_pheno
    output: /home/wcy/data/UKB/eye_feature/gwas/main_group/right_optic_dim64_pheno_result
    jobid: 2
    reason: Missing output files: /home/wcy/data/UKB/eye_feature/gwas/main_group/right_optic_dim64_pheno_result
    resources: tmpdir=/tmp

Activating conda environment: retfound
Terminating processes on user request, this might take some time.
[Sat Oct 12 00:02:36 2024]
Error in rule run_gcta:
    jobid: 2
    input: /home/wcy/data/UKB/eye_feature/gwas/main_group/right_optic_dim64_pheno
    output: /home/wcy/data/UKB/eye_feature/gwas/main_group/right_optic_dim64_pheno_result
    conda-env: retfound
    shell:
        python run_gcta.py --pheno_dir /home/wcy/data/UKB/eye_feature/gwas/main_group/right_optic_dim64_pheno
        (one of the commands exited with non-zero exit code; note that snakemake uses bash strict mode!)

Complete log: .snakemake/log/2024-10-12T000227.184112.snakemake.log
