The flag 'directory' used in rule cgwas_pre is only valid for outputs, not inputs.
Building DAG of jobs...
Using shell: /usr/bin/bash
Provided cores: 72
Rules claiming more threads will be scaled down.
Job stats:
job                count
---------------  -------
cgwas_pre              1
fastGWA_pre            1
feature_extract        1
run_gcta               1
total                  4

Select jobs to execute...

[Thu Jan  2 13:24:31 2025]
rule feature_extract:
    input: /home/wcy/data/UKB/eye_feature/model/flitter_dim64_best.pth, /home/wcy/data/UKB/ukb_eye/Results_left/M2/optic_disc_cup/raw
    output: /home/wcy/data/UKB/eye_feature/feature_data/left_flitter_dim64.csv
    jobid: 2
    reason: Missing output files: /home/wcy/data/UKB/eye_feature/feature_data/left_flitter_dim64.csv; Set of input files has changed since last execution
    resources: tmpdir=/tmp

Activating conda environment: retfound
Terminating processes on user request, this might take some time.
[Thu Jan  2 13:24:49 2025]
Error in rule feature_extract:
    jobid: 2
    input: /home/wcy/data/UKB/eye_feature/model/flitter_dim64_best.pth, /home/wcy/data/UKB/ukb_eye/Results_left/M2/optic_disc_cup/raw
    output: /home/wcy/data/UKB/eye_feature/feature_data/left_flitter_dim64.csv
    conda-env: retfound
    shell:
        python feature_extract.py --model_path /home/wcy/data/UKB/eye_feature/model/flitter_dim64_best.pth --model_type VAE --image_folder /home/wcy/data/UKB/ukb_eye/Results_left/M2/optic_disc_cup/raw --output_csv /home/wcy/data/UKB/eye_feature/feature_data/left_flitter_dim64.csv --latent_dim 64
        (one of the commands exited with non-zero exit code; note that snakemake uses bash strict mode!)

Complete log: .snakemake/log/2025-01-02T132428.260432.snakemake.log
