The flag 'directory' used in rule cgwas_pre is only valid for outputs, not inputs.
Building DAG of jobs...
Using shell: /usr/bin/bash
Provided cores: 72
Rules claiming more threads will be scaled down.
Job stats:
job            count
-----------  -------
all                1
cgwas_pre          1
fastGWA_pre        1
run_gcta           1
total              4

Select jobs to execute...

[Thu Jan  2 11:57:22 2025]
rule fastGWA_pre:
    input: /home/wcy/data/UKB/eye_feature/feature_data/left_optic_dim64.csv
    output: /home/wcy/data/UKB/eye_feature/gwas/validation_group/left_optic_dim64_pheno
    jobid: 3
    reason: Missing output files: /home/wcy/data/UKB/eye_feature/gwas/validation_group/left_optic_dim64_pheno
    resources: tmpdir=/tmp

Activating conda environment: retfound
[Thu Jan  2 12:00:38 2025]
Finished job 3.
1 of 4 steps (25%) done
Select jobs to execute...

[Thu Jan  2 12:00:38 2025]
rule run_gcta:
    input: /home/wcy/data/UKB/eye_feature/gwas/validation_group/left_optic_dim64_pheno
    output: /home/wcy/data/UKB/eye_feature/gwas/validation_group/left_optic_dim64_pheno_result
    jobid: 2
    reason: Missing output files: /home/wcy/data/UKB/eye_feature/gwas/validation_group/left_optic_dim64_pheno_result; Input files updated by another job: /home/wcy/data/UKB/eye_feature/gwas/validation_group/left_optic_dim64_pheno
    resources: tmpdir=/tmp

Activating conda environment: retfound
[Thu Jan  2 12:54:45 2025]
Finished job 2.
2 of 4 steps (50%) done
Select jobs to execute...

[Thu Jan  2 12:54:45 2025]
rule cgwas_pre:
    input: /home/wcy/data/UKB/eye_feature/gwas/validation_group/left_optic_dim64_pheno_result
    output: /home/wcy/data/UKB/eye_feature/cgwas/validation_group/left_optic_dim64_pheno_result
    jobid: 1
    reason: Missing output files: /home/wcy/data/UKB/eye_feature/cgwas/validation_group/left_optic_dim64_pheno_result; Input files updated by another job: /home/wcy/data/UKB/eye_feature/gwas/validation_group/left_optic_dim64_pheno_result
    resources: tmpdir=/tmp

Activating conda environment: retfound
[Thu Jan  2 13:11:23 2025]
Finished job 1.
3 of 4 steps (75%) done
Select jobs to execute...

[Thu Jan  2 13:11:23 2025]
localrule all:
    input: /home/wcy/data/UKB/eye_feature/cgwas/validation_group/left_optic_dim64_pheno_result
    jobid: 0
    reason: Input files updated by another job: /home/wcy/data/UKB/eye_feature/cgwas/validation_group/left_optic_dim64_pheno_result
    resources: tmpdir=/tmp

[Thu Jan  2 13:11:23 2025]
Finished job 0.
4 of 4 steps (100%) done
Complete log: .snakemake/log/2025-01-02T115720.494263.snakemake.log
