The flag 'directory' used in rule cgwas_pre is only valid for outputs, not inputs.
Building DAG of jobs...
Using shell: /usr/bin/bash
Provided cores: 72
Rules claiming more threads will be scaled down.
Job stats:
job          count
---------  -------
all              1
cgwas_pre        1
run_gcta         1
total            3

Select jobs to execute...

[Thu Jan  2 13:27:24 2025]
rule run_gcta:
    input: /home/wcy/data/UKB/eye_feature/gwas/validation_group/left_flitter_dim64_pheno
    output: /home/wcy/data/UKB/eye_feature/gwas/validation_group/left_flitter_dim64_pheno_result
    jobid: 2
    reason: Missing output files: /home/wcy/data/UKB/eye_feature/gwas/validation_group/left_flitter_dim64_pheno_result
    resources: tmpdir=/tmp

Activating conda environment: retfound
[Thu Jan  2 14:21:19 2025]
Finished job 2.
1 of 3 steps (33%) done
Select jobs to execute...

[Thu Jan  2 14:21:19 2025]
rule cgwas_pre:
    input: /home/wcy/data/UKB/eye_feature/gwas/validation_group/left_flitter_dim64_pheno_result
    output: /home/wcy/data/UKB/eye_feature/cgwas/validation_group/left_flitter_dim64_pheno_result
    jobid: 1
    reason: Missing output files: /home/wcy/data/UKB/eye_feature/cgwas/validation_group/left_flitter_dim64_pheno_result; Input files updated by another job: /home/wcy/data/UKB/eye_feature/gwas/validation_group/left_flitter_dim64_pheno_result
    resources: tmpdir=/tmp

Activating conda environment: retfound
[Thu Jan  2 14:36:56 2025]
Finished job 1.
2 of 3 steps (67%) done
Select jobs to execute...

[Thu Jan  2 14:36:56 2025]
localrule all:
    input: /home/wcy/data/UKB/eye_feature/cgwas/validation_group/left_flitter_dim64_pheno_result
    jobid: 0
    reason: Input files updated by another job: /home/wcy/data/UKB/eye_feature/cgwas/validation_group/left_flitter_dim64_pheno_result
    resources: tmpdir=/tmp

[Thu Jan  2 14:36:56 2025]
Finished job 0.
3 of 3 steps (100%) done
Complete log: .snakemake/log/2025-01-02T132721.519470.snakemake.log
